# JRE version: OpenJDK Runtime Environment Temurin-21.0.10+7 (21.0.10+7) (build 21.0.10+7-LTS)
# Java VM: OpenJDK 64-Bit Server VM Temurin-21.0.10+7 (21.0.10+7-LTS, mixed mode, sharing, tiered, compressed oops, compressed class ptrs, parallel gc, windows-amd64)
GC Precious Log:
 CardTable entry size: 512
 CPUs: 8 total, 8 available
 Memory: 8014M
 Large Page Support: Disabled
 NUMA Support: Disabled
 Compressed Oops: Enabled (32-bit)
 Alignments: Space 512K, Generation 512K, Heap 2M
 Heap Min Capacity: 100M
 Heap Initial Capacity: 100M
 Heap Max Capacity: 2G
 Pre-touch: Disabled
 Parallel Workers: 8
Heap:
 PSYoungGen      total 6144K, used 2121K [0x00000000d5580000, 0x00000000d5d00000, 0x0000000100000000)
  eden space 4096K, 45% used [0x00000000d5580000,0x00000000d5752720,0x00000000d5980000)
  from space 2048K, 12% used [0x00000000d5a00000,0x00000000d5a40000,0x00000000d5c00000)
  to   space 1024K, 0% used [0x00000000d5c00000,0x00000000d5c00000,0x00000000d5d00000)
 ParOldGen       total 619520K, used 619279K [0x0000000080000000, 0x00000000a5d00000, 0x00000000d5580000)
  object space 619520K, 99% used [0x0000000080000000,0x00000000a5cc3ed0,0x00000000a5d00000)
 Metaspace       used 72106K, committed 73664K, reserved 1179648K
  class space    used 7470K, committed 8128K, reserved 1048576K
GC Heap History (20 events):
Event: 418.587 GC heap before
{Heap before GC invocations=745 (full 3):
 PSYoungGen      total 3584K, used 3088K [0x00000000d5580000, 0x00000000d5a00000, 0x0000000100000000)
  eden space 2560K, 100% used [0x00000000d5580000,0x00000000d5800000,0x00000000d5800000)
  from space 1024K, 51% used [0x00000000d5800000,0x00000000d5884010,0x00000000d5900000)
  to   space 1024K, 0% used [0x00000000d5900000,0x00000000d5900000,0x00000000d5a00000)
 ParOldGen       total 607744K, used 607500K [0x0000000080000000, 0x00000000a5180000, 0x00000000d5580000)
  object space 607744K, 99% used [0x0000000080000000,0x00000000a51430d0,0x00000000a5180000)
 Metaspace       used 72016K, committed 73536K, reserved 1179648K
  class space    used 7468K, committed 8128K, reserved 1048576K
}
Event: 418.590 GC heap after
{Heap after GC invocations=745 (full 3):
 PSYoungGen      total 3072K, used 480K [0x00000000d5580000, 0x00000000d5980000, 0x0000000100000000)
  eden space 2560K, 0% used [0x00000000d5580000,0x00000000d5580000,0x00000000d5800000)
  from space 512K, 93% used [0x00000000d5900000,0x00000000d5978000,0x00000000d5980000)
  to   space 512K, 0% used [0x00000000d5880000,0x00000000d5880000,0x00000000d5900000)
 ParOldGen       total 607744K, used 607524K [0x0000000080000000, 0x00000000a5180000, 0x00000000d5580000)
  object space 607744K, 99% used [0x0000000080000000,0x00000000a51490d0,0x00000000a5180000)
 Metaspace       used 72016K, committed 73536K, reserved 1179648K
  class space    used 7468K, committed 8128K, reserved 1048576K
}
Event: 438.019 GC heap before
{Heap before GC invocations=746 (full 3):
 PSYoungGen      total 3072K, used 3039K [0x00000000d5580000, 0x00000000d5980000, 0x0000000100000000)
  eden space 2560K, 99% used [0x00000000d5580000,0x00000000d57ffca8,0x00000000d5800000)
  from space 512K, 93% used [0x00000000d5900000,0x00000000d5978000,0x00000000d5980000)
  to   space 512K, 0% used [0x00000000d5880000,0x00000000d5880000,0x00000000d5900000)
 ParOldGen       total 607744K, used 607524K [0x0000000080000000, 0x00000000a5180000, 0x00000000d5580000)
  object space 607744K, 99% used [0x0000000080000000,0x00000000a51490d0,0x00000000a5180000)
 Metaspace       used 72034K, committed 73600K, reserved 1179648K
  class space    used 7469K, committed 8128K, reserved 1048576K
}
Event: 438.021 GC heap after
{Heap after GC invocations=746 (full 3):
 PSYoungGen      total 3072K, used 288K [0x00000000d5580000, 0x00000000d5980000, 0x0000000100000000)
  eden space 2560K, 0% used [0x00000000d5580000,0x00000000d5580000,0x00000000d5800000)
  from space 512K, 56% used [0x00000000d5880000,0x00000000d58c8000,0x00000000d5900000)
  to   space 512K, 0% used [0x00000000d5900000,0x00000000d5900000,0x00000000d5980000)
 ParOldGen       total 607744K, used 607580K [0x0000000080000000, 0x00000000a5180000, 0x00000000d5580000)
  object space 607744K, 99% used [0x0000000080000000,0x00000000a51570d0,0x00000000a5180000)
 Metaspace       used 72034K, committed 73600K, reserved 1179648K
  class space    used 7469K, committed 8128K, reserved 1048576K
}
Event: 438.043 GC heap before
{Heap before GC invocations=747 (full 3):
 PSYoungGen      total 3072K, used 2761K [0x00000000d5580000, 0x00000000d5980000, 0x0000000100000000)
  eden space 2560K, 96% used [0x00000000d5580000,0x00000000d57ea6d0,0x00000000d5800000)
  from space 512K, 56% used [0x00000000d5880000,0x00000000d58c8000,0x00000000d5900000)
  to   space 512K, 0% used [0x00000000d5900000,0x00000000d5900000,0x00000000d5980000)
 ParOldGen       total 607744K, used 607580K [0x0000000080000000, 0x00000000a5180000, 0x00000000d5580000)
  object space 607744K, 99% used [0x0000000080000000,0x00000000a51570d0,0x00000000a5180000)
 Metaspace       used 72042K, committed 73600K, reserved 1179648K
  class space    used 7469K, committed 8128K, reserved 1048576K
}
Event: 438.045 GC heap after
{Heap after GC invocations=747 (full 3):
 PSYoungGen      total 3072K, used 500K [0x00000000d5580000, 0x00000000d5a00000, 0x0000000100000000)
  eden space 2560K, 0% used [0x00000000d5580000,0x00000000d5580000,0x00000000d5800000)
  from space 512K, 97% used [0x00000000d5900000,0x00000000d597d3a0,0x00000000d5980000)
  to   space 1024K, 0% used [0x00000000d5800000,0x00000000d5800000,0x00000000d5900000)
 ParOldGen       total 607744K, used 607652K [0x0000000080000000, 0x00000000a5180000, 0x00000000d5580000)
  object space 607744K, 99% used [0x0000000080000000,0x00000000a51690d0,0x00000000a5180000)
 Metaspace       used 72042K, committed 73600K, reserved 1179648K
  class space    used 7469K, committed 8128K, reserved 1048576K
}
Event: 438.053 GC heap before
{Heap before GC invocations=748 (full 3):
 PSYoungGen      total 3072K, used 3060K [0x00000000d5580000, 0x00000000d5a00000, 0x0000000100000000)
  eden space 2560K, 100% used [0x00000000d5580000,0x00000000d5800000,0x00000000d5800000)
  from space 512K, 97% used [0x00000000d5900000,0x00000000d597d3a0,0x00000000d5980000)
  to   space 1024K, 0% used [0x00000000d5800000,0x00000000d5800000,0x00000000d5900000)
 ParOldGen       total 607744K, used 607652K [0x0000000080000000, 0x00000000a5180000, 0x00000000d5580000)
  object space 607744K, 99% used [0x0000000080000000,0x00000000a51690d0,0x00000000a5180000)
 Metaspace       used 72042K, committed 73600K, reserved 1179648K
  class space    used 7469K, committed 8128K, reserved 1048576K
}
Event: 438.056 GC heap after
{Heap after GC invocations=748 (full 3):
 PSYoungGen      total 3584K, used 1012K [0x00000000d5580000, 0x00000000d5f00000, 0x0000000100000000)
  eden space 2560K, 0% used [0x00000000d5580000,0x00000000d5580000,0x00000000d5800000)
  from space 1024K, 98% used [0x00000000d5800000,0x00000000d58fd3a0,0x00000000d5900000)
  to   space 3584K, 0% used [0x00000000d5b80000,0x00000000d5b80000,0x00000000d5f00000)
 ParOldGen       total 609792K, used 609401K [0x0000000080000000, 0x00000000a5380000, 0x00000000d5580000)
  object space 609792K, 99% used [0x0000000080000000,0x00000000a531e480,0x00000000a5380000)
 Metaspace       used 72042K, committed 73600K, reserved 1179648K
  class space    used 7469K, committed 8128K, reserved 1048576K
}
Event: 438.065 GC heap before
{Heap before GC invocations=749 (full 3):
 PSYoungGen      total 3584K, used 3572K [0x00000000d5580000, 0x00000000d5f00000, 0x0000000100000000)
  eden space 2560K, 100% used [0x00000000d5580000,0x00000000d5800000,0x00000000d5800000)
  from space 1024K, 98% used [0x00000000d5800000,0x00000000d58fd3a0,0x00000000d5900000)
  to   space 3584K, 0% used [0x00000000d5b80000,0x00000000d5b80000,0x00000000d5f00000)
 ParOldGen       total 609792K, used 609401K [0x0000000080000000, 0x00000000a5380000, 0x00000000d5580000)
  object space 609792K, 99% used [0x0000000080000000,0x00000000a531e480,0x00000000a5380000)
 Metaspace       used 72042K, committed 73600K, reserved 1179648K
  class space    used 7469K, committed 8128K, reserved 1048576K
}
Event: 439.071 GC heap after
{Heap after GC invocations=749 (full 3):
 PSYoungGen      total 6144K, used 2624K [0x00000000d5580000, 0x00000000d5e80000, 0x0000000100000000)
  eden space 3072K, 0% used [0x00000000d5580000,0x00000000d5580000,0x00000000d5880000)
  from space 3072K, 85% used [0x00000000d5b80000,0x00000000d5e10000,0x00000000d5e80000)
  to   space 3072K, 0% used [0x00000000d5880000,0x00000000d5880000,0x00000000d5b80000)
 ParOldGen       total 610816K, used 610454K [0x0000000080000000, 0x00000000a5480000, 0x00000000d5580000)
  object space 610816K, 99% used [0x0000000080000000,0x00000000a5425820,0x00000000a5480000)
 Metaspace       used 72042K, committed 73600K, reserved 1179648K
  class space    used 7469K, committed 8128K, reserved 1048576K
}
Event: 439.080 GC heap before
{Heap before GC invocations=750 (full 3):
 PSYoungGen      total 6144K, used 5369K [0x00000000d5580000, 0x00000000d5e80000, 0x0000000100000000)
  eden space 3072K, 89% used [0x00000000d5580000,0x00000000d582e738,0x00000000d5880000)
  from space 3072K, 85% used [0x00000000d5b80000,0x00000000d5e10000,0x00000000d5e80000)
  to   space 3072K, 0% used [0x00000000d5880000,0x00000000d5880000,0x00000000d5b80000)
 ParOldGen       total 610816K, used 610454K [0x0000000080000000, 0x00000000a5480000, 0x00000000d5580000)
  object space 610816K, 99% used [0x0000000080000000,0x00000000a5425820,0x00000000a5480000)
 Metaspace       used 72046K, committed 73600K, reserved 1179648K
  class space    used 7469K, committed 8128K, reserved 1048576K
}
Event: 439.086 GC heap after
{Heap after GC invocations=750 (full 3):
 PSYoungGen      total 6144K, used 1482K [0x00000000d5580000, 0x00000000d5d80000, 0x0000000100000000)
  eden space 3072K, 0% used [0x00000000d5580000,0x00000000d5580000,0x00000000d5880000)
  from space 3072K, 48% used [0x00000000d5880000,0x00000000d59f2810,0x00000000d5b80000)
  to   space 2048K, 0% used [0x00000000d5b80000,0x00000000d5b80000,0x00000000d5d80000)
 ParOldGen       total 613376K, used 612998K [0x0000000080000000, 0x00000000a5700000, 0x00000000d5580000)
  object space 613376K, 99% used [0x0000000080000000,0x00000000a56a1820,0x00000000a5700000)
 Metaspace       used 72046K, committed 73600K, reserved 1179648K
  class space    used 7469K, committed 8128K, reserved 1048576K
}
Event: 439.125 GC heap before
{Heap before GC invocations=751 (full 3):
 PSYoungGen      total 6144K, used 4554K [0x00000000d5580000, 0x00000000d5d80000, 0x0000000100000000)
  eden space 3072K, 100% used [0x00000000d5580000,0x00000000d5880000,0x00000000d5880000)
  from space 3072K, 48% used [0x00000000d5880000,0x00000000d59f2810,0x00000000d5b80000)
  to   space 2048K, 0% used [0x00000000d5b80000,0x00000000d5b80000,0x00000000d5d80000)
 ParOldGen       total 613376K, used 612998K [0x0000000080000000, 0x00000000a5700000, 0x00000000d5580000)
  object space 613376K, 99% used [0x0000000080000000,0x00000000a56a1820,0x00000000a5700000)
 Metaspace       used 72067K, committed 73600K, reserved 1179648K
  class space    used 7469K, committed 8128K, reserved 1048576K
}
Event: 439.129 GC heap after
{Heap after GC invocations=751 (full 3):
 PSYoungGen      total 5120K, used 2042K [0x00000000d5580000, 0x00000000d5f80000, 0x0000000100000000)
  eden space 3072K, 0% used [0x00000000d5580000,0x00000000d5580000,0x00000000d5880000)
  from space 2048K, 99% used [0x00000000d5b80000,0x00000000d5d7eb50,0x00000000d5d80000)
  to   space 3072K, 0% used [0x00000000d5880000,0x00000000d5880000,0x00000000d5b80000)
 ParOldGen       total 613888K, used 613742K [0x0000000080000000, 0x00000000a5780000, 0x00000000d5580000)
  object space 613888K, 99% used [0x0000000080000000,0x00000000a575b830,0x00000000a5780000)
 Metaspace       used 72067K, committed 73600K, reserved 1179648K
  class space    used 7469K, committed 8128K, reserved 1048576K
}
Event: 439.149 GC heap before
{Heap before GC invocations=752 (full 3):
 PSYoungGen      total 5120K, used 5065K [0x00000000d5580000, 0x00000000d5f80000, 0x0000000100000000)
  eden space 3072K, 98% used [0x00000000d5580000,0x00000000d5873930,0x00000000d5880000)
  from space 2048K, 99% used [0x00000000d5b80000,0x00000000d5d7eb50,0x00000000d5d80000)
  to   space 3072K, 0% used [0x00000000d5880000,0x00000000d5880000,0x00000000d5b80000)
 ParOldGen       total 613888K, used 613742K [0x0000000080000000, 0x00000000a5780000, 0x00000000d5580000)
  object space 613888K, 99% used [0x0000000080000000,0x00000000a575b830,0x00000000a5780000)
 Metaspace       used 72068K, committed 73600K, reserved 1179648K
  class space    used 7469K, committed 8128K, reserved 1048576K
}
Event: 439.155 GC heap after
{Heap after GC invocations=752 (full 3):
 PSYoungGen      total 6144K, used 2808K [0x00000000d5580000, 0x00000000d5f80000, 0x0000000100000000)
  eden space 3072K, 0% used [0x00000000d5580000,0x00000000d5580000,0x00000000d5880000)
  from space 3072K, 91% used [0x00000000d5880000,0x00000000d5b3e000,0x00000000d5b80000)
  to   space 3072K, 0% used [0x00000000d5c80000,0x00000000d5c80000,0x00000000d5f80000)
 ParOldGen       total 616448K, used 616111K [0x0000000080000000, 0x00000000a5a00000, 0x00000000d5580000)
  object space 616448K, 99% used [0x0000000080000000,0x00000000a59abed0,0x00000000a5a00000)
 Metaspace       used 72068K, committed 73600K, reserved 1179648K
  class space    used 7469K, committed 8128K, reserved 1048576K
}
Event: 439.262 GC heap before
{Heap before GC invocations=753 (full 3):
 PSYoungGen      total 6144K, used 5880K [0x00000000d5580000, 0x00000000d5f80000, 0x0000000100000000)
  eden space 3072K, 100% used [0x00000000d5580000,0x00000000d5880000,0x00000000d5880000)
  from space 3072K, 91% used [0x00000000d5880000,0x00000000d5b3e000,0x00000000d5b80000)
  to   space 3072K, 0% used [0x00000000d5c80000,0x00000000d5c80000,0x00000000d5f80000)
 ParOldGen       total 616448K, used 616111K [0x0000000080000000, 0x00000000a5a00000, 0x00000000d5580000)
  object space 616448K, 99% used [0x0000000080000000,0x00000000a59abed0,0x00000000a5a00000)
 Metaspace       used 72083K, committed 73600K, reserved 1179648K
  class space    used 7469K, committed 8128K, reserved 1048576K
}
Event: 439.270 GC heap after
{Heap after GC invocations=753 (full 3):
 PSYoungGen      total 5632K, used 1376K [0x00000000d5580000, 0x00000000d5e00000, 0x0000000100000000)
  eden space 4096K, 0% used [0x00000000d5580000,0x00000000d5580000,0x00000000d5980000)
  from space 1536K, 89% used [0x00000000d5c80000,0x00000000d5dd8030,0x00000000d5e00000)
  to   space 2048K, 0% used [0x00000000d5a00000,0x00000000d5a00000,0x00000000d5c00000)
 ParOldGen       total 619008K, used 618583K [0x0000000080000000, 0x00000000a5c80000, 0x00000000d5580000)
  object space 619008K, 99% used [0x0000000080000000,0x00000000a5c15ed0,0x00000000a5c80000)
 Metaspace       used 72083K, committed 73600K, reserved 1179648K
  class space    used 7469K, committed 8128K, reserved 1048576K
}
Event: 439.594 GC heap before
{Heap before GC invocations=754 (full 3):
 PSYoungGen      total 5632K, used 5472K [0x00000000d5580000, 0x00000000d5e00000, 0x0000000100000000)
  eden space 4096K, 100% used [0x00000000d5580000,0x00000000d5980000,0x00000000d5980000)
  from space 1536K, 89% used [0x00000000d5c80000,0x00000000d5dd8030,0x00000000d5e00000)
  to   space 2048K, 0% used [0x00000000d5a00000,0x00000000d5a00000,0x00000000d5c00000)
 ParOldGen       total 619008K, used 618583K [0x0000000080000000, 0x00000000a5c80000, 0x00000000d5580000)
  object space 619008K, 99% used [0x0000000080000000,0x00000000a5c15ed0,0x00000000a5c80000)
 Metaspace       used 72099K, committed 73664K, reserved 1179648K
  class space    used 7470K, committed 8128K, reserved 1048576K
}
Event: 439.596 GC heap after
{Heap after GC invocations=754 (full 3):
 PSYoungGen      total 6144K, used 256K [0x00000000d5580000, 0x00000000d5d00000, 0x0000000100000000)
  eden space 4096K, 0% used [0x00000000d5580000,0x00000000d5580000,0x00000000d5980000)
  from space 2048K, 12% used [0x00000000d5a00000,0x00000000d5a40000,0x00000000d5c00000)
  to   space 1024K, 0% used [0x00000000d5c00000,0x00000000d5c00000,0x00000000d5d00000)
 ParOldGen       total 619520K, used 619279K [0x0000000080000000, 0x00000000a5d00000, 0x00000000d5580000)
  object space 619520K, 99% used [0x0000000080000000,0x00000000a5cc3ed0,0x00000000a5d00000)
 Metaspace       used 72099K, committed 73664K, reserved 1179648K
  class space    used 7470K, committed 8128K, reserved 1048576K
}

